<?xml version="1.0" encoding="UTF-8"?>
<!-- Generated by org.testng.reporters.JUnitXMLReporter -->
<testsuite ignored="0" hostname="DESKTOP-FD9F21C" failures="2" tests="2" name="FirefoxTest" time="37.27" errors="0" timestamp="2022-05-23T03:33:33 EET">
  <testcase classname="quiz.answer" name="search" time="0.499">
    <failure type="org.openqa.selenium.ElementClickInterceptedException" message="Element &amp;lt;span&amp;gt; is not clickable at point (888,717) because another element &amp;lt;div id=&amp;quot;cookie-law-info-bar&amp;quot;&amp;gt; obscures it
Build info: version: &amp;apos;3.9.1&amp;apos;, revision: &amp;apos;63f7b50&amp;apos;, time: &amp;apos;2018-02-07T22:42:28.403Z&amp;apos;
System info: host: &amp;apos;DESKTOP-FD9F21C&amp;apos;, ip: &amp;apos;192.168.1.3&amp;apos;, os.name: &amp;apos;Windows 10&amp;apos;, os.arch: &amp;apos;amd64&amp;apos;, os.version: &amp;apos;10.0&amp;apos;, java.version: &amp;apos;17.0.1&amp;apos;
Driver info: org.openqa.selenium.firefox.FirefoxDriver
Capabilities {acceptInsecureCerts: true, browserName: firefox, browserVersion: 100.0.2, javascriptEnabled: true, moz:accessibilityChecks: false, moz:buildID: 20220519220738, moz:geckodriverVersion: 0.31.0, moz:headless: false, moz:processID: 34624, moz:profile: C:\Users\TRUFLA~1\AppData\L..., moz:shutdownTimeout: 60000, moz:useNonSpecCompliantPointerOrigin: false, moz:webdriverClick: true, pageLoadStrategy: normal, platform: WINDOWS, platformName: WINDOWS, platformVersion: 10.0, proxy: Proxy(), setWindowRect: true, strictFileInteractability: false, timeouts: {implicit: 0, pageLoad: 300000, script: 30000}, unhandledPromptBehavior: dismiss and notify}
Session ID: 4651b24e-4429-47ee-a9e9-18f5e7f1b9e2">
      <![CDATA[org.openqa.selenium.ElementClickInterceptedException: Element <span> is not clickable at point (888,717) because another element <div id="cookie-law-info-bar"> obscures it
Build info: version: '3.9.1', revision: '63f7b50', time: '2018-02-07T22:42:28.403Z'
System info: host: 'DESKTOP-FD9F21C', ip: '192.168.1.3', os.name: 'Windows 10', os.arch: 'amd64', os.version: '10.0', java.version: '17.0.1'
Driver info: org.openqa.selenium.firefox.FirefoxDriver
Capabilities {acceptInsecureCerts: true, browserName: firefox, browserVersion: 100.0.2, javascriptEnabled: true, moz:accessibilityChecks: false, moz:buildID: 20220519220738, moz:geckodriverVersion: 0.31.0, moz:headless: false, moz:processID: 34624, moz:profile: C:\Users\TRUFLA~1\AppData\L..., moz:shutdownTimeout: 60000, moz:useNonSpecCompliantPointerOrigin: false, moz:webdriverClick: true, pageLoadStrategy: normal, platform: WINDOWS, platformName: WINDOWS, platformVersion: 10.0, proxy: Proxy(), setWindowRect: true, strictFileInteractability: false, timeouts: {implicit: 0, pageLoad: 300000, script: 30000}, unhandledPromptBehavior: dismiss and notify}
Session ID: 4651b24e-4429-47ee-a9e9-18f5e7f1b9e2
at org.openqa.selenium.remote.http.W3CHttpResponseCodec.createException(W3CHttpResponseCodec.java:187)
at org.openqa.selenium.remote.http.W3CHttpResponseCodec.decode(W3CHttpResponseCodec.java:122)
at org.openqa.selenium.remote.http.W3CHttpResponseCodec.decode(W3CHttpResponseCodec.java:49)
at org.openqa.selenium.remote.HttpCommandExecutor.execute(HttpCommandExecutor.java:160)
at org.openqa.selenium.remote.service.DriverCommandExecutor.execute(DriverCommandExecutor.java:83)
at org.openqa.selenium.remote.RemoteWebDriver.execute(RemoteWebDriver.java:601)
at org.openqa.selenium.remote.RemoteWebElement.execute(RemoteWebElement.java:279)
at org.openqa.selenium.remote.RemoteWebElement.click(RemoteWebElement.java:83)
at quiz.answer.search(answer.java:81)
at java.base/java.util.ArrayList.forEach(ArrayList.java:1511)
... Removed 32 stack frames]]>
    </failure>
  </testcase> <!-- search -->
  <testcase classname="quiz.answer" name="search" time="0.291">
    <failure type="org.openqa.selenium.ElementClickInterceptedException" message="Element &amp;lt;span&amp;gt; is not clickable at point (888,697) because another element &amp;lt;div class=&amp;quot;cli-bar-container cli-style-v2&amp;quot;&amp;gt; obscures it
Build info: version: &amp;apos;3.9.1&amp;apos;, revision: &amp;apos;63f7b50&amp;apos;, time: &amp;apos;2018-02-07T22:42:28.403Z&amp;apos;
System info: host: &amp;apos;DESKTOP-FD9F21C&amp;apos;, ip: &amp;apos;192.168.1.3&amp;apos;, os.name: &amp;apos;Windows 10&amp;apos;, os.arch: &amp;apos;amd64&amp;apos;, os.version: &amp;apos;10.0&amp;apos;, java.version: &amp;apos;17.0.1&amp;apos;
Driver info: org.openqa.selenium.firefox.FirefoxDriver
Capabilities {acceptInsecureCerts: true, browserName: firefox, browserVersion: 100.0.2, javascriptEnabled: true, moz:accessibilityChecks: false, moz:buildID: 20220519220738, moz:geckodriverVersion: 0.31.0, moz:headless: false, moz:processID: 34624, moz:profile: C:\Users\TRUFLA~1\AppData\L..., moz:shutdownTimeout: 60000, moz:useNonSpecCompliantPointerOrigin: false, moz:webdriverClick: true, pageLoadStrategy: normal, platform: WINDOWS, platformName: WINDOWS, platformVersion: 10.0, proxy: Proxy(), setWindowRect: true, strictFileInteractability: false, timeouts: {implicit: 0, pageLoad: 300000, script: 30000}, unhandledPromptBehavior: dismiss and notify}
Session ID: 4651b24e-4429-47ee-a9e9-18f5e7f1b9e2">
      <![CDATA[org.openqa.selenium.ElementClickInterceptedException: Element <span> is not clickable at point (888,697) because another element <div class="cli-bar-container cli-style-v2"> obscures it
Build info: version: '3.9.1', revision: '63f7b50', time: '2018-02-07T22:42:28.403Z'
System info: host: 'DESKTOP-FD9F21C', ip: '192.168.1.3', os.name: 'Windows 10', os.arch: 'amd64', os.version: '10.0', java.version: '17.0.1'
Driver info: org.openqa.selenium.firefox.FirefoxDriver
Capabilities {acceptInsecureCerts: true, browserName: firefox, browserVersion: 100.0.2, javascriptEnabled: true, moz:accessibilityChecks: false, moz:buildID: 20220519220738, moz:geckodriverVersion: 0.31.0, moz:headless: false, moz:processID: 34624, moz:profile: C:\Users\TRUFLA~1\AppData\L..., moz:shutdownTimeout: 60000, moz:useNonSpecCompliantPointerOrigin: false, moz:webdriverClick: true, pageLoadStrategy: normal, platform: WINDOWS, platformName: WINDOWS, platformVersion: 10.0, proxy: Proxy(), setWindowRect: true, strictFileInteractability: false, timeouts: {implicit: 0, pageLoad: 300000, script: 30000}, unhandledPromptBehavior: dismiss and notify}
Session ID: 4651b24e-4429-47ee-a9e9-18f5e7f1b9e2
at org.openqa.selenium.remote.http.W3CHttpResponseCodec.createException(W3CHttpResponseCodec.java:187)
at org.openqa.selenium.remote.http.W3CHttpResponseCodec.decode(W3CHttpResponseCodec.java:122)
at org.openqa.selenium.remote.http.W3CHttpResponseCodec.decode(W3CHttpResponseCodec.java:49)
at org.openqa.selenium.remote.HttpCommandExecutor.execute(HttpCommandExecutor.java:160)
at org.openqa.selenium.remote.service.DriverCommandExecutor.execute(DriverCommandExecutor.java:83)
at org.openqa.selenium.remote.RemoteWebDriver.execute(RemoteWebDriver.java:601)
at org.openqa.selenium.remote.RemoteWebElement.execute(RemoteWebElement.java:279)
at org.openqa.selenium.remote.RemoteWebElement.click(RemoteWebElement.java:83)
at quiz.answer.search(answer.java:81)
at java.base/java.util.ArrayList.forEach(ArrayList.java:1511)
... Removed 32 stack frames]]>
    </failure>
  </testcase> <!-- search -->
</testsuite> <!-- FirefoxTest -->
